<?xml version="1.0" encoding="UTF-8"?>
<testsuite name="login.LDAPTest" tests="1" skipped="0" failures="0" errors="0" timestamp="2019-12-02T11:10:26" hostname="DESKTOP-E25R8E1" time="0.062">
  <properties/>
  <testcase name="test()" classname="login.LDAPTest" time="0.062"/>
  <system-out><![CDATA[]]></system-out>
  <system-err><![CDATA[]]></system-err>
</testsuite>
